15:02:37.626 [main] INFO  project.Main - info
15:02:37.630 [main] ERROR project.Main - error
15:02:37.630 [main] FATAL project.Main - fatal
15:02:37.630 [main] WARN  project.Main - warn
15:02:37.631 [main] DEBUG project.Main - debug
15:03:04.018 [main] INFO  project.Main - info
15:03:04.023 [main] ERROR project.Main - error
15:03:04.023 [main] FATAL project.Main - fatal
15:03:04.024 [main] WARN  project.Main - warn
15:03:04.024 [main] DEBUG project.Main - debug
15:03:49.467 [main] INFO  project.Main - info
15:03:49.470 [main] ERROR project.Main - error
15:03:49.471 [main] FATAL project.Main - fatal
15:03:49.471 [main] WARN  project.Main - warn
15:03:49.471 [main] DEBUG project.Main - debug
15:04:24.403 [main] INFO  project.Main - info
15:04:24.412 [main] ERROR project.Main - error
15:04:24.412 [main] FATAL project.Main - fatal
15:04:24.412 [main] WARN  project.Main - warn
15:04:24.412 [main] DEBUG project.Main - debug
15:07:33.030 [main] INFO  project.Main - info
15:07:33.033 [main] ERROR project.Main - error
